<?xml version="1.0" encoding="UTF-8"?>
<!-- Generated by org.testng.reporters.JUnitReportReporter -->
<testsuite skipped="0" hostname="PBOSS" name="Amazon.CartValidation" tests="1" failures="0" timestamp="2020-11-01T13:20:36 IST" time="24.665" errors="0">
  <testcase name="CartDetails" time="24.665" classname="Amazon.CartValidation"/>
  <system-out/>
</testsuite> <!-- Amazon.CartValidation -->
