<?xml version="1.0" encoding="UTF-8"?>
<!-- Generated by org.testng.reporters.JUnitReportReporter -->
<testsuite skipped="0" hostname="PBOSS" name="Amazon.Accessories" tests="1" failures="0" timestamp="2020-11-01T13:20:36 IST" time="50.745" errors="0">
  <testcase name="computerAccessories" time="50.745" classname="Amazon.Accessories"/>
  <system-out/>
</testsuite> <!-- Amazon.Accessories -->
