<?xml version="1.0" encoding="UTF-8"?>
<!-- Generated by org.testng.reporters.JUnitReportReporter -->
<testsuite skipped="0" hostname="PBOSS" name="Amazon.SignInValidation" tests="1" failures="0" timestamp="2020-11-01T13:20:36 IST" time="31.480" errors="0">
  <testcase name="signIn" time="31.480" classname="Amazon.SignInValidation"/>
  <system-out/>
</testsuite> <!-- Amazon.SignInValidation -->
